LOG:  database system was shut down at 2015-05-02 22:06:30 BST
LOG:  database system is ready to accept connections
LOG:  autovacuum launcher started
LOG:  checkpoints are occurring too frequently (12 seconds apart)
HINT:  Consider increasing the configuration parameter "checkpoint_segments".
LOG:  checkpoints are occurring too frequently (1 second apart)
HINT:  Consider increasing the configuration parameter "checkpoint_segments".
LOG:  checkpoints are occurring too frequently (1 second apart)
HINT:  Consider increasing the configuration parameter "checkpoint_segments".
LOG:  checkpoints are occurring too frequently (1 second apart)
HINT:  Consider increasing the configuration parameter "checkpoint_segments".
LOG:  checkpoints are occurring too frequently (0 seconds apart)
HINT:  Consider increasing the configuration parameter "checkpoint_segments".
LOG:  checkpoints are occurring too frequently (1 second apart)
HINT:  Consider increasing the configuration parameter "checkpoint_segments".
LOG:  checkpoints are occurring too frequently (1 second apart)
HINT:  Consider increasing the configuration parameter "checkpoint_segments".
LOG:  checkpoints are occurring too frequently (1 second apart)
HINT:  Consider increasing the configuration parameter "checkpoint_segments".
LOG:  checkpoints are occurring too frequently (1 second apart)
HINT:  Consider increasing the configuration parameter "checkpoint_segments".
LOG:  checkpoints are occurring too frequently (1 second apart)
HINT:  Consider increasing the configuration parameter "checkpoint_segments".
LOG:  checkpoints are occurring too frequently (0 seconds apart)
HINT:  Consider increasing the configuration parameter "checkpoint_segments".
LOG:  checkpoints are occurring too frequently (1 second apart)
HINT:  Consider increasing the configuration parameter "checkpoint_segments".
LOG:  checkpoints are occurring too frequently (1 second apart)
HINT:  Consider increasing the configuration parameter "checkpoint_segments".
LOG:  checkpoints are occurring too frequently (1 second apart)
HINT:  Consider increasing the configuration parameter "checkpoint_segments".
LOG:  checkpoints are occurring too frequently (1 second apart)
HINT:  Consider increasing the configuration parameter "checkpoint_segments".
LOG:  checkpoints are occurring too frequently (0 seconds apart)
HINT:  Consider increasing the configuration parameter "checkpoint_segments".
LOG:  checkpoints are occurring too frequently (1 second apart)
HINT:  Consider increasing the configuration parameter "checkpoint_segments".
LOG:  checkpoints are occurring too frequently (1 second apart)
HINT:  Consider increasing the configuration parameter "checkpoint_segments".
LOG:  checkpoints are occurring too frequently (1 second apart)
HINT:  Consider increasing the configuration parameter "checkpoint_segments".
LOG:  checkpoints are occurring too frequently (1 second apart)
HINT:  Consider increasing the configuration parameter "checkpoint_segments".
LOG:  checkpoints are occurring too frequently (1 second apart)
HINT:  Consider increasing the configuration parameter "checkpoint_segments".
LOG:  checkpoints are occurring too frequently (1 second apart)
HINT:  Consider increasing the configuration parameter "checkpoint_segments".
LOG:  checkpoints are occurring too frequently (1 second apart)
HINT:  Consider increasing the configuration parameter "checkpoint_segments".
LOG:  checkpoints are occurring too frequently (1 second apart)
HINT:  Consider increasing the configuration parameter "checkpoint_segments".
LOG:  checkpoints are occurring too frequently (1 second apart)
HINT:  Consider increasing the configuration parameter "checkpoint_segments".
LOG:  checkpoints are occurring too frequently (1 second apart)
HINT:  Consider increasing the configuration parameter "checkpoint_segments".
LOG:  checkpoints are occurring too frequently (0 seconds apart)
HINT:  Consider increasing the configuration parameter "checkpoint_segments".
LOG:  checkpoints are occurring too frequently (1 second apart)
HINT:  Consider increasing the configuration parameter "checkpoint_segments".
LOG:  checkpoints are occurring too frequently (1 second apart)
HINT:  Consider increasing the configuration parameter "checkpoint_segments".
LOG:  checkpoints are occurring too frequently (1 second apart)
HINT:  Consider increasing the configuration parameter "checkpoint_segments".
LOG:  checkpoints are occurring too frequently (1 second apart)
HINT:  Consider increasing the configuration parameter "checkpoint_segments".
LOG:  checkpoints are occurring too frequently (1 second apart)
HINT:  Consider increasing the configuration parameter "checkpoint_segments".
LOG:  checkpoints are occurring too frequently (1 second apart)
HINT:  Consider increasing the configuration parameter "checkpoint_segments".
LOG:  checkpoints are occurring too frequently (1 second apart)
HINT:  Consider increasing the configuration parameter "checkpoint_segments".
LOG:  checkpoints are occurring too frequently (0 seconds apart)
HINT:  Consider increasing the configuration parameter "checkpoint_segments".
LOG:  checkpoints are occurring too frequently (1 second apart)
HINT:  Consider increasing the configuration parameter "checkpoint_segments".
LOG:  checkpoints are occurring too frequently (1 second apart)
HINT:  Consider increasing the configuration parameter "checkpoint_segments".
LOG:  checkpoints are occurring too frequently (1 second apart)
HINT:  Consider increasing the configuration parameter "checkpoint_segments".
LOG:  checkpoints are occurring too frequently (1 second apart)
HINT:  Consider increasing the configuration parameter "checkpoint_segments".
LOG:  checkpoints are occurring too frequently (1 second apart)
HINT:  Consider increasing the configuration parameter "checkpoint_segments".
LOG:  checkpoints are occurring too frequently (0 seconds apart)
HINT:  Consider increasing the configuration parameter "checkpoint_segments".
LOG:  checkpoints are occurring too frequently (1 second apart)
HINT:  Consider increasing the configuration parameter "checkpoint_segments".
LOG:  checkpoints are occurring too frequently (1 second apart)
HINT:  Consider increasing the configuration parameter "checkpoint_segments".
LOG:  checkpoints are occurring too frequently (1 second apart)
HINT:  Consider increasing the configuration parameter "checkpoint_segments".
LOG:  checkpoints are occurring too frequently (1 second apart)
HINT:  Consider increasing the configuration parameter "checkpoint_segments".
LOG:  checkpoints are occurring too frequently (1 second apart)
HINT:  Consider increasing the configuration parameter "checkpoint_segments".
LOG:  checkpoints are occurring too frequently (1 second apart)
HINT:  Consider increasing the configuration parameter "checkpoint_segments".
LOG:  checkpoints are occurring too frequently (1 second apart)
HINT:  Consider increasing the configuration parameter "checkpoint_segments".
LOG:  checkpoints are occurring too frequently (1 second apart)
HINT:  Consider increasing the configuration parameter "checkpoint_segments".
LOG:  checkpoints are occurring too frequently (0 seconds apart)
HINT:  Consider increasing the configuration parameter "checkpoint_segments".
LOG:  checkpoints are occurring too frequently (1 second apart)
HINT:  Consider increasing the configuration parameter "checkpoint_segments".
LOG:  checkpoints are occurring too frequently (1 second apart)
HINT:  Consider increasing the configuration parameter "checkpoint_segments".
LOG:  checkpoints are occurring too frequently (1 second apart)
HINT:  Consider increasing the configuration parameter "checkpoint_segments".
LOG:  checkpoints are occurring too frequently (1 second apart)
HINT:  Consider increasing the configuration parameter "checkpoint_segments".
LOG:  checkpoints are occurring too frequently (1 second apart)
HINT:  Consider increasing the configuration parameter "checkpoint_segments".
LOG:  checkpoints are occurring too frequently (1 second apart)
HINT:  Consider increasing the configuration parameter "checkpoint_segments".
LOG:  checkpoints are occurring too frequently (1 second apart)
HINT:  Consider increasing the configuration parameter "checkpoint_segments".
LOG:  checkpoints are occurring too frequently (0 seconds apart)
HINT:  Consider increasing the configuration parameter "checkpoint_segments".
LOG:  checkpoints are occurring too frequently (1 second apart)
HINT:  Consider increasing the configuration parameter "checkpoint_segments".
LOG:  checkpoints are occurring too frequently (1 second apart)
HINT:  Consider increasing the configuration parameter "checkpoint_segments".
LOG:  checkpoints are occurring too frequently (1 second apart)
HINT:  Consider increasing the configuration parameter "checkpoint_segments".
LOG:  checkpoints are occurring too frequently (0 seconds apart)
HINT:  Consider increasing the configuration parameter "checkpoint_segments".
LOG:  checkpoints are occurring too frequently (1 second apart)
HINT:  Consider increasing the configuration parameter "checkpoint_segments".
LOG:  checkpoints are occurring too frequently (1 second apart)
HINT:  Consider increasing the configuration parameter "checkpoint_segments".
LOG:  checkpoints are occurring too frequently (1 second apart)
HINT:  Consider increasing the configuration parameter "checkpoint_segments".
LOG:  checkpoints are occurring too frequently (1 second apart)
HINT:  Consider increasing the configuration parameter "checkpoint_segments".
LOG:  checkpoints are occurring too frequently (1 second apart)
HINT:  Consider increasing the configuration parameter "checkpoint_segments".
LOG:  checkpoints are occurring too frequently (1 second apart)
HINT:  Consider increasing the configuration parameter "checkpoint_segments".
LOG:  checkpoints are occurring too frequently (1 second apart)
HINT:  Consider increasing the configuration parameter "checkpoint_segments".
LOG:  checkpoints are occurring too frequently (1 second apart)
HINT:  Consider increasing the configuration parameter "checkpoint_segments".
LOG:  checkpoints are occurring too frequently (1 second apart)
HINT:  Consider increasing the configuration parameter "checkpoint_segments".
LOG:  checkpoints are occurring too frequently (1 second apart)
HINT:  Consider increasing the configuration parameter "checkpoint_segments".
LOG:  checkpoints are occurring too frequently (0 seconds apart)
HINT:  Consider increasing the configuration parameter "checkpoint_segments".
LOG:  checkpoints are occurring too frequently (1 second apart)
HINT:  Consider increasing the configuration parameter "checkpoint_segments".
LOG:  checkpoints are occurring too frequently (1 second apart)
HINT:  Consider increasing the configuration parameter "checkpoint_segments".
LOG:  checkpoints are occurring too frequently (1 second apart)
HINT:  Consider increasing the configuration parameter "checkpoint_segments".
LOG:  checkpoints are occurring too frequently (1 second apart)
HINT:  Consider increasing the configuration parameter "checkpoint_segments".
LOG:  checkpoints are occurring too frequently (0 seconds apart)
HINT:  Consider increasing the configuration parameter "checkpoint_segments".
LOG:  checkpoints are occurring too frequently (1 second apart)
HINT:  Consider increasing the configuration parameter "checkpoint_segments".
LOG:  checkpoints are occurring too frequently (1 second apart)
HINT:  Consider increasing the configuration parameter "checkpoint_segments".
LOG:  checkpoints are occurring too frequently (1 second apart)
HINT:  Consider increasing the configuration parameter "checkpoint_segments".
LOG:  checkpoints are occurring too frequently (1 second apart)
HINT:  Consider increasing the configuration parameter "checkpoint_segments".
LOG:  checkpoints are occurring too frequently (1 second apart)
HINT:  Consider increasing the configuration parameter "checkpoint_segments".
LOG:  checkpoints are occurring too frequently (1 second apart)
HINT:  Consider increasing the configuration parameter "checkpoint_segments".
LOG:  checkpoints are occurring too frequently (1 second apart)
HINT:  Consider increasing the configuration parameter "checkpoint_segments".
LOG:  checkpoints are occurring too frequently (1 second apart)
HINT:  Consider increasing the configuration parameter "checkpoint_segments".
LOG:  checkpoints are occurring too frequently (1 second apart)
HINT:  Consider increasing the configuration parameter "checkpoint_segments".
LOG:  checkpoints are occurring too frequently (1 second apart)
HINT:  Consider increasing the configuration parameter "checkpoint_segments".
LOG:  checkpoints are occurring too frequently (1 second apart)
HINT:  Consider increasing the configuration parameter "checkpoint_segments".
LOG:  checkpoints are occurring too frequently (1 second apart)
HINT:  Consider increasing the configuration parameter "checkpoint_segments".
LOG:  checkpoints are occurring too frequently (0 seconds apart)
HINT:  Consider increasing the configuration parameter "checkpoint_segments".
LOG:  checkpoints are occurring too frequently (1 second apart)
HINT:  Consider increasing the configuration parameter "checkpoint_segments".
LOG:  checkpoints are occurring too frequently (1 second apart)
HINT:  Consider increasing the configuration parameter "checkpoint_segments".
LOG:  checkpoints are occurring too frequently (1 second apart)
HINT:  Consider increasing the configuration parameter "checkpoint_segments".
LOG:  checkpoints are occurring too frequently (1 second apart)
HINT:  Consider increasing the configuration parameter "checkpoint_segments".
LOG:  checkpoints are occurring too frequently (1 second apart)
HINT:  Consider increasing the configuration parameter "checkpoint_segments".
LOG:  checkpoints are occurring too frequently (1 second apart)
HINT:  Consider increasing the configuration parameter "checkpoint_segments".
LOG:  checkpoints are occurring too frequently (0 seconds apart)
HINT:  Consider increasing the configuration parameter "checkpoint_segments".
LOG:  checkpoints are occurring too frequently (1 second apart)
HINT:  Consider increasing the configuration parameter "checkpoint_segments".
LOG:  checkpoints are occurring too frequently (1 second apart)
HINT:  Consider increasing the configuration parameter "checkpoint_segments".
LOG:  checkpoints are occurring too frequently (1 second apart)
HINT:  Consider increasing the configuration parameter "checkpoint_segments".
LOG:  checkpoints are occurring too frequently (1 second apart)
HINT:  Consider increasing the configuration parameter "checkpoint_segments".
LOG:  checkpoints are occurring too frequently (0 seconds apart)
HINT:  Consider increasing the configuration parameter "checkpoint_segments".
LOG:  checkpoints are occurring too frequently (1 second apart)
HINT:  Consider increasing the configuration parameter "checkpoint_segments".
LOG:  checkpoints are occurring too frequently (1 second apart)
HINT:  Consider increasing the configuration parameter "checkpoint_segments".
LOG:  checkpoints are occurring too frequently (1 second apart)
HINT:  Consider increasing the configuration parameter "checkpoint_segments".
LOG:  checkpoints are occurring too frequently (1 second apart)
HINT:  Consider increasing the configuration parameter "checkpoint_segments".
LOG:  checkpoints are occurring too frequently (0 seconds apart)
HINT:  Consider increasing the configuration parameter "checkpoint_segments".
LOG:  checkpoints are occurring too frequently (1 second apart)
HINT:  Consider increasing the configuration parameter "checkpoint_segments".
LOG:  checkpoints are occurring too frequently (1 second apart)
HINT:  Consider increasing the configuration parameter "checkpoint_segments".
LOG:  checkpoints are occurring too frequently (1 second apart)
HINT:  Consider increasing the configuration parameter "checkpoint_segments".
LOG:  checkpoints are occurring too frequently (1 second apart)
HINT:  Consider increasing the configuration parameter "checkpoint_segments".
LOG:  checkpoints are occurring too frequently (0 seconds apart)
HINT:  Consider increasing the configuration parameter "checkpoint_segments".
LOG:  checkpoints are occurring too frequently (1 second apart)
HINT:  Consider increasing the configuration parameter "checkpoint_segments".
LOG:  checkpoints are occurring too frequently (1 second apart)
HINT:  Consider increasing the configuration parameter "checkpoint_segments".
LOG:  checkpoints are occurring too frequently (1 second apart)
HINT:  Consider increasing the configuration parameter "checkpoint_segments".
LOG:  checkpoints are occurring too frequently (0 seconds apart)
HINT:  Consider increasing the configuration parameter "checkpoint_segments".
LOG:  checkpoints are occurring too frequently (1 second apart)
HINT:  Consider increasing the configuration parameter "checkpoint_segments".
LOG:  checkpoints are occurring too frequently (1 second apart)
HINT:  Consider increasing the configuration parameter "checkpoint_segments".
LOG:  checkpoints are occurring too frequently (1 second apart)
HINT:  Consider increasing the configuration parameter "checkpoint_segments".
LOG:  checkpoints are occurring too frequently (1 second apart)
HINT:  Consider increasing the configuration parameter "checkpoint_segments".
LOG:  checkpoints are occurring too frequently (1 second apart)
HINT:  Consider increasing the configuration parameter "checkpoint_segments".
LOG:  checkpoints are occurring too frequently (0 seconds apart)
HINT:  Consider increasing the configuration parameter "checkpoint_segments".
LOG:  checkpoints are occurring too frequently (1 second apart)
HINT:  Consider increasing the configuration parameter "checkpoint_segments".
LOG:  checkpoints are occurring too frequently (1 second apart)
HINT:  Consider increasing the configuration parameter "checkpoint_segments".
LOG:  checkpoints are occurring too frequently (1 second apart)
HINT:  Consider increasing the configuration parameter "checkpoint_segments".
LOG:  checkpoints are occurring too frequently (1 second apart)
HINT:  Consider increasing the configuration parameter "checkpoint_segments".
LOG:  checkpoints are occurring too frequently (1 second apart)
HINT:  Consider increasing the configuration parameter "checkpoint_segments".
LOG:  checkpoints are occurring too frequently (1 second apart)
HINT:  Consider increasing the configuration parameter "checkpoint_segments".
LOG:  checkpoints are occurring too frequently (1 second apart)
HINT:  Consider increasing the configuration parameter "checkpoint_segments".
LOG:  checkpoints are occurring too frequently (0 seconds apart)
HINT:  Consider increasing the configuration parameter "checkpoint_segments".
LOG:  checkpoints are occurring too frequently (1 second apart)
HINT:  Consider increasing the configuration parameter "checkpoint_segments".
LOG:  checkpoints are occurring too frequently (1 second apart)
HINT:  Consider increasing the configuration parameter "checkpoint_segments".
LOG:  checkpoints are occurring too frequently (1 second apart)
HINT:  Consider increasing the configuration parameter "checkpoint_segments".
LOG:  checkpoints are occurring too frequently (1 second apart)
HINT:  Consider increasing the configuration parameter "checkpoint_segments".
LOG:  checkpoints are occurring too frequently (1 second apart)
HINT:  Consider increasing the configuration parameter "checkpoint_segments".
LOG:  checkpoints are occurring too frequently (0 seconds apart)
HINT:  Consider increasing the configuration parameter "checkpoint_segments".
LOG:  checkpoints are occurring too frequently (1 second apart)
HINT:  Consider increasing the configuration parameter "checkpoint_segments".
LOG:  checkpoints are occurring too frequently (1 second apart)
HINT:  Consider increasing the configuration parameter "checkpoint_segments".
LOG:  checkpoints are occurring too frequently (1 second apart)
HINT:  Consider increasing the configuration parameter "checkpoint_segments".
LOG:  checkpoints are occurring too frequently (1 second apart)
HINT:  Consider increasing the configuration parameter "checkpoint_segments".
LOG:  checkpoints are occurring too frequently (1 second apart)
HINT:  Consider increasing the configuration parameter "checkpoint_segments".
LOG:  checkpoints are occurring too frequently (1 second apart)
HINT:  Consider increasing the configuration parameter "checkpoint_segments".
LOG:  checkpoints are occurring too frequently (0 seconds apart)
HINT:  Consider increasing the configuration parameter "checkpoint_segments".
LOG:  checkpoints are occurring too frequently (1 second apart)
HINT:  Consider increasing the configuration parameter "checkpoint_segments".
LOG:  checkpoints are occurring too frequently (1 second apart)
HINT:  Consider increasing the configuration parameter "checkpoint_segments".
LOG:  checkpoints are occurring too frequently (1 second apart)
HINT:  Consider increasing the configuration parameter "checkpoint_segments".
LOG:  checkpoints are occurring too frequently (1 second apart)
HINT:  Consider increasing the configuration parameter "checkpoint_segments".
LOG:  checkpoints are occurring too frequently (0 seconds apart)
HINT:  Consider increasing the configuration parameter "checkpoint_segments".
LOG:  checkpoints are occurring too frequently (1 second apart)
HINT:  Consider increasing the configuration parameter "checkpoint_segments".
LOG:  checkpoints are occurring too frequently (1 second apart)
HINT:  Consider increasing the configuration parameter "checkpoint_segments".
LOG:  checkpoints are occurring too frequently (1 second apart)
HINT:  Consider increasing the configuration parameter "checkpoint_segments".
LOG:  checkpoints are occurring too frequently (1 second apart)
HINT:  Consider increasing the configuration parameter "checkpoint_segments".
LOG:  checkpoints are occurring too frequently (0 seconds apart)
HINT:  Consider increasing the configuration parameter "checkpoint_segments".
LOG:  checkpoints are occurring too frequently (1 second apart)
HINT:  Consider increasing the configuration parameter "checkpoint_segments".
LOG:  checkpoints are occurring too frequently (1 second apart)
HINT:  Consider increasing the configuration parameter "checkpoint_segments".
LOG:  checkpoints are occurring too frequently (1 second apart)
HINT:  Consider increasing the configuration parameter "checkpoint_segments".
LOG:  checkpoints are occurring too frequently (1 second apart)
HINT:  Consider increasing the configuration parameter "checkpoint_segments".
LOG:  checkpoints are occurring too frequently (1 second apart)
HINT:  Consider increasing the configuration parameter "checkpoint_segments".
LOG:  checkpoints are occurring too frequently (1 second apart)
HINT:  Consider increasing the configuration parameter "checkpoint_segments".
LOG:  checkpoints are occurring too frequently (1 second apart)
HINT:  Consider increasing the configuration parameter "checkpoint_segments".
LOG:  checkpoints are occurring too frequently (0 seconds apart)
HINT:  Consider increasing the configuration parameter "checkpoint_segments".
LOG:  checkpoints are occurring too frequently (1 second apart)
HINT:  Consider increasing the configuration parameter "checkpoint_segments".
LOG:  checkpoints are occurring too frequently (1 second apart)
HINT:  Consider increasing the configuration parameter "checkpoint_segments".
LOG:  checkpoints are occurring too frequently (1 second apart)
HINT:  Consider increasing the configuration parameter "checkpoint_segments".
LOG:  checkpoints are occurring too frequently (1 second apart)
HINT:  Consider increasing the configuration parameter "checkpoint_segments".
LOG:  checkpoints are occurring too frequently (1 second apart)
HINT:  Consider increasing the configuration parameter "checkpoint_segments".
LOG:  checkpoints are occurring too frequently (1 second apart)
HINT:  Consider increasing the configuration parameter "checkpoint_segments".
LOG:  checkpoints are occurring too frequently (1 second apart)
HINT:  Consider increasing the configuration parameter "checkpoint_segments".
LOG:  checkpoints are occurring too frequently (1 second apart)
HINT:  Consider increasing the configuration parameter "checkpoint_segments".
LOG:  checkpoints are occurring too frequently (1 second apart)
HINT:  Consider increasing the configuration parameter "checkpoint_segments".
LOG:  checkpoints are occurring too frequently (2 seconds apart)
HINT:  Consider increasing the configuration parameter "checkpoint_segments".
LOG:  checkpoints are occurring too frequently (1 second apart)
HINT:  Consider increasing the configuration parameter "checkpoint_segments".
LOG:  checkpoints are occurring too frequently (1 second apart)
HINT:  Consider increasing the configuration parameter "checkpoint_segments".
LOG:  checkpoints are occurring too frequently (1 second apart)
HINT:  Consider increasing the configuration parameter "checkpoint_segments".
LOG:  checkpoints are occurring too frequently (1 second apart)
HINT:  Consider increasing the configuration parameter "checkpoint_segments".
LOG:  checkpoints are occurring too frequently (1 second apart)
HINT:  Consider increasing the configuration parameter "checkpoint_segments".
LOG:  checkpoints are occurring too frequently (1 second apart)
HINT:  Consider increasing the configuration parameter "checkpoint_segments".
LOG:  checkpoints are occurring too frequently (1 second apart)
HINT:  Consider increasing the configuration parameter "checkpoint_segments".
LOG:  checkpoints are occurring too frequently (1 second apart)
HINT:  Consider increasing the configuration parameter "checkpoint_segments".
LOG:  checkpoints are occurring too frequently (1 second apart)
HINT:  Consider increasing the configuration parameter "checkpoint_segments".
LOG:  checkpoints are occurring too frequently (1 second apart)
HINT:  Consider increasing the configuration parameter "checkpoint_segments".
LOG:  checkpoints are occurring too frequently (2 seconds apart)
HINT:  Consider increasing the configuration parameter "checkpoint_segments".
LOG:  checkpoints are occurring too frequently (1 second apart)
HINT:  Consider increasing the configuration parameter "checkpoint_segments".
LOG:  checkpoints are occurring too frequently (1 second apart)
HINT:  Consider increasing the configuration parameter "checkpoint_segments".
LOG:  checkpoints are occurring too frequently (1 second apart)
HINT:  Consider increasing the configuration parameter "checkpoint_segments".
LOG:  checkpoints are occurring too frequently (1 second apart)
HINT:  Consider increasing the configuration parameter "checkpoint_segments".
LOG:  checkpoints are occurring too frequently (1 second apart)
HINT:  Consider increasing the configuration parameter "checkpoint_segments".
LOG:  checkpoints are occurring too frequently (2 seconds apart)
HINT:  Consider increasing the configuration parameter "checkpoint_segments".
LOG:  checkpoints are occurring too frequently (1 second apart)
HINT:  Consider increasing the configuration parameter "checkpoint_segments".
LOG:  checkpoints are occurring too frequently (1 second apart)
HINT:  Consider increasing the configuration parameter "checkpoint_segments".
LOG:  checkpoints are occurring too frequently (1 second apart)
HINT:  Consider increasing the configuration parameter "checkpoint_segments".
LOG:  checkpoints are occurring too frequently (1 second apart)
HINT:  Consider increasing the configuration parameter "checkpoint_segments".
LOG:  checkpoints are occurring too frequently (1 second apart)
HINT:  Consider increasing the configuration parameter "checkpoint_segments".
LOG:  checkpoints are occurring too frequently (1 second apart)
HINT:  Consider increasing the configuration parameter "checkpoint_segments".
LOG:  checkpoints are occurring too frequently (2 seconds apart)
HINT:  Consider increasing the configuration parameter "checkpoint_segments".
LOG:  checkpoints are occurring too frequently (1 second apart)
HINT:  Consider increasing the configuration parameter "checkpoint_segments".
LOG:  checkpoints are occurring too frequently (1 second apart)
HINT:  Consider increasing the configuration parameter "checkpoint_segments".
LOG:  checkpoints are occurring too frequently (1 second apart)
HINT:  Consider increasing the configuration parameter "checkpoint_segments".
LOG:  checkpoints are occurring too frequently (2 seconds apart)
HINT:  Consider increasing the configuration parameter "checkpoint_segments".
LOG:  checkpoints are occurring too frequently (1 second apart)
HINT:  Consider increasing the configuration parameter "checkpoint_segments".
LOG:  checkpoints are occurring too frequently (1 second apart)
HINT:  Consider increasing the configuration parameter "checkpoint_segments".
LOG:  checkpoints are occurring too frequently (2 seconds apart)
HINT:  Consider increasing the configuration parameter "checkpoint_segments".
LOG:  checkpoints are occurring too frequently (1 second apart)
HINT:  Consider increasing the configuration parameter "checkpoint_segments".
LOG:  checkpoints are occurring too frequently (1 second apart)
HINT:  Consider increasing the configuration parameter "checkpoint_segments".
LOG:  checkpoints are occurring too frequently (1 second apart)
HINT:  Consider increasing the configuration parameter "checkpoint_segments".
LOG:  checkpoints are occurring too frequently (1 second apart)
HINT:  Consider increasing the configuration parameter "checkpoint_segments".
LOG:  checkpoints are occurring too frequently (1 second apart)
HINT:  Consider increasing the configuration parameter "checkpoint_segments".
LOG:  checkpoints are occurring too frequently (2 seconds apart)
HINT:  Consider increasing the configuration parameter "checkpoint_segments".
LOG:  checkpoints are occurring too frequently (1 second apart)
HINT:  Consider increasing the configuration parameter "checkpoint_segments".
LOG:  checkpoints are occurring too frequently (1 second apart)
HINT:  Consider increasing the configuration parameter "checkpoint_segments".
LOG:  checkpoints are occurring too frequently (2 seconds apart)
HINT:  Consider increasing the configuration parameter "checkpoint_segments".
LOG:  checkpoints are occurring too frequently (1 second apart)
HINT:  Consider increasing the configuration parameter "checkpoint_segments".
LOG:  checkpoints are occurring too frequently (1 second apart)
HINT:  Consider increasing the configuration parameter "checkpoint_segments".
LOG:  checkpoints are occurring too frequently (2 seconds apart)
HINT:  Consider increasing the configuration parameter "checkpoint_segments".
LOG:  checkpoints are occurring too frequently (1 second apart)
HINT:  Consider increasing the configuration parameter "checkpoint_segments".
LOG:  checkpoints are occurring too frequently (1 second apart)
HINT:  Consider increasing the configuration parameter "checkpoint_segments".
LOG:  checkpoints are occurring too frequently (1 second apart)
HINT:  Consider increasing the configuration parameter "checkpoint_segments".
LOG:  checkpoints are occurring too frequently (1 second apart)
HINT:  Consider increasing the configuration parameter "checkpoint_segments".
LOG:  checkpoints are occurring too frequently (1 second apart)
HINT:  Consider increasing the configuration parameter "checkpoint_segments".
LOG:  checkpoints are occurring too frequently (2 seconds apart)
HINT:  Consider increasing the configuration parameter "checkpoint_segments".
LOG:  checkpoints are occurring too frequently (1 second apart)
HINT:  Consider increasing the configuration parameter "checkpoint_segments".
LOG:  checkpoints are occurring too frequently (1 second apart)
HINT:  Consider increasing the configuration parameter "checkpoint_segments".
LOG:  checkpoints are occurring too frequently (1 second apart)
HINT:  Consider increasing the configuration parameter "checkpoint_segments".
LOG:  checkpoints are occurring too frequently (1 second apart)
HINT:  Consider increasing the configuration parameter "checkpoint_segments".
LOG:  checkpoints are occurring too frequently (1 second apart)
HINT:  Consider increasing the configuration parameter "checkpoint_segments".
LOG:  checkpoints are occurring too frequently (1 second apart)
HINT:  Consider increasing the configuration parameter "checkpoint_segments".
LOG:  checkpoints are occurring too frequently (1 second apart)
HINT:  Consider increasing the configuration parameter "checkpoint_segments".
LOG:  checkpoints are occurring too frequently (1 second apart)
HINT:  Consider increasing the configuration parameter "checkpoint_segments".
LOG:  checkpoints are occurring too frequently (2 seconds apart)
HINT:  Consider increasing the configuration parameter "checkpoint_segments".
LOG:  checkpoints are occurring too frequently (1 second apart)
HINT:  Consider increasing the configuration parameter "checkpoint_segments".
LOG:  checkpoints are occurring too frequently (1 second apart)
HINT:  Consider increasing the configuration parameter "checkpoint_segments".
LOG:  checkpoints are occurring too frequently (1 second apart)
HINT:  Consider increasing the configuration parameter "checkpoint_segments".
LOG:  checkpoints are occurring too frequently (1 second apart)
HINT:  Consider increasing the configuration parameter "checkpoint_segments".
LOG:  checkpoints are occurring too frequently (1 second apart)
HINT:  Consider increasing the configuration parameter "checkpoint_segments".
LOG:  checkpoints are occurring too frequently (2 seconds apart)
HINT:  Consider increasing the configuration parameter "checkpoint_segments".
LOG:  checkpoints are occurring too frequently (1 second apart)
HINT:  Consider increasing the configuration parameter "checkpoint_segments".
LOG:  checkpoints are occurring too frequently (1 second apart)
HINT:  Consider increasing the configuration parameter "checkpoint_segments".
LOG:  checkpoints are occurring too frequently (1 second apart)
HINT:  Consider increasing the configuration parameter "checkpoint_segments".
LOG:  checkpoints are occurring too frequently (1 second apart)
HINT:  Consider increasing the configuration parameter "checkpoint_segments".
LOG:  checkpoints are occurring too frequently (1 second apart)
HINT:  Consider increasing the configuration parameter "checkpoint_segments".
LOG:  checkpoints are occurring too frequently (1 second apart)
HINT:  Consider increasing the configuration parameter "checkpoint_segments".
LOG:  checkpoints are occurring too frequently (1 second apart)
HINT:  Consider increasing the configuration parameter "checkpoint_segments".
LOG:  checkpoints are occurring too frequently (1 second apart)
HINT:  Consider increasing the configuration parameter "checkpoint_segments".
LOG:  checkpoints are occurring too frequently (2 seconds apart)
HINT:  Consider increasing the configuration parameter "checkpoint_segments".
LOG:  checkpoints are occurring too frequently (1 second apart)
HINT:  Consider increasing the configuration parameter "checkpoint_segments".
LOG:  checkpoints are occurring too frequently (1 second apart)
HINT:  Consider increasing the configuration parameter "checkpoint_segments".
LOG:  checkpoints are occurring too frequently (1 second apart)
HINT:  Consider increasing the configuration parameter "checkpoint_segments".
LOG:  checkpoints are occurring too frequently (1 second apart)
HINT:  Consider increasing the configuration parameter "checkpoint_segments".
LOG:  checkpoints are occurring too frequently (1 second apart)
HINT:  Consider increasing the configuration parameter "checkpoint_segments".
LOG:  checkpoints are occurring too frequently (1 second apart)
HINT:  Consider increasing the configuration parameter "checkpoint_segments".
LOG:  checkpoints are occurring too frequently (1 second apart)
HINT:  Consider increasing the configuration parameter "checkpoint_segments".
LOG:  checkpoints are occurring too frequently (2 seconds apart)
HINT:  Consider increasing the configuration parameter "checkpoint_segments".
LOG:  checkpoints are occurring too frequently (1 second apart)
HINT:  Consider increasing the configuration parameter "checkpoint_segments".
LOG:  checkpoints are occurring too frequently (1 second apart)
HINT:  Consider increasing the configuration parameter "checkpoint_segments".
LOG:  checkpoints are occurring too frequently (1 second apart)
HINT:  Consider increasing the configuration parameter "checkpoint_segments".
LOG:  checkpoints are occurring too frequently (1 second apart)
HINT:  Consider increasing the configuration parameter "checkpoint_segments".
LOG:  checkpoints are occurring too frequently (1 second apart)
HINT:  Consider increasing the configuration parameter "checkpoint_segments".
LOG:  checkpoints are occurring too frequently (1 second apart)
HINT:  Consider increasing the configuration parameter "checkpoint_segments".
LOG:  checkpoints are occurring too frequently (1 second apart)
HINT:  Consider increasing the configuration parameter "checkpoint_segments".
LOG:  checkpoints are occurring too frequently (2 seconds apart)
HINT:  Consider increasing the configuration parameter "checkpoint_segments".
LOG:  checkpoints are occurring too frequently (1 second apart)
HINT:  Consider increasing the configuration parameter "checkpoint_segments".
LOG:  checkpoints are occurring too frequently (1 second apart)
HINT:  Consider increasing the configuration parameter "checkpoint_segments".
LOG:  checkpoints are occurring too frequently (1 second apart)
HINT:  Consider increasing the configuration parameter "checkpoint_segments".
LOG:  checkpoints are occurring too frequently (1 second apart)
HINT:  Consider increasing the configuration parameter "checkpoint_segments".
LOG:  checkpoints are occurring too frequently (2 seconds apart)
HINT:  Consider increasing the configuration parameter "checkpoint_segments".
LOG:  checkpoints are occurring too frequently (1 second apart)
HINT:  Consider increasing the configuration parameter "checkpoint_segments".
LOG:  checkpoints are occurring too frequently (1 second apart)
HINT:  Consider increasing the configuration parameter "checkpoint_segments".
LOG:  checkpoints are occurring too frequently (1 second apart)
HINT:  Consider increasing the configuration parameter "checkpoint_segments".
LOG:  checkpoints are occurring too frequently (1 second apart)
HINT:  Consider increasing the configuration parameter "checkpoint_segments".
LOG:  checkpoints are occurring too frequently (1 second apart)
HINT:  Consider increasing the configuration parameter "checkpoint_segments".
LOG:  checkpoints are occurring too frequently (2 seconds apart)
HINT:  Consider increasing the configuration parameter "checkpoint_segments".
LOG:  checkpoints are occurring too frequently (1 second apart)
HINT:  Consider increasing the configuration parameter "checkpoint_segments".
LOG:  checkpoints are occurring too frequently (1 second apart)
HINT:  Consider increasing the configuration parameter "checkpoint_segments".
LOG:  checkpoints are occurring too frequently (1 second apart)
HINT:  Consider increasing the configuration parameter "checkpoint_segments".
LOG:  checkpoints are occurring too frequently (1 second apart)
HINT:  Consider increasing the configuration parameter "checkpoint_segments".
LOG:  checkpoints are occurring too frequently (2 seconds apart)
HINT:  Consider increasing the configuration parameter "checkpoint_segments".
LOG:  checkpoints are occurring too frequently (1 second apart)
HINT:  Consider increasing the configuration parameter "checkpoint_segments".
LOG:  checkpoints are occurring too frequently (1 second apart)
HINT:  Consider increasing the configuration parameter "checkpoint_segments".
LOG:  checkpoints are occurring too frequently (1 second apart)
HINT:  Consider increasing the configuration parameter "checkpoint_segments".
LOG:  checkpoints are occurring too frequently (1 second apart)
HINT:  Consider increasing the configuration parameter "checkpoint_segments".
LOG:  checkpoints are occurring too frequently (2 seconds apart)
HINT:  Consider increasing the configuration parameter "checkpoint_segments".
LOG:  checkpoints are occurring too frequently (1 second apart)
HINT:  Consider increasing the configuration parameter "checkpoint_segments".
LOG:  checkpoints are occurring too frequently (1 second apart)
HINT:  Consider increasing the configuration parameter "checkpoint_segments".
LOG:  checkpoints are occurring too frequently (1 second apart)
HINT:  Consider increasing the configuration parameter "checkpoint_segments".
LOG:  checkpoints are occurring too frequently (2 seconds apart)
HINT:  Consider increasing the configuration parameter "checkpoint_segments".
LOG:  checkpoints are occurring too frequently (1 second apart)
HINT:  Consider increasing the configuration parameter "checkpoint_segments".
LOG:  checkpoints are occurring too frequently (1 second apart)
HINT:  Consider increasing the configuration parameter "checkpoint_segments".
LOG:  checkpoints are occurring too frequently (1 second apart)
HINT:  Consider increasing the configuration parameter "checkpoint_segments".
LOG:  checkpoints are occurring too frequently (2 seconds apart)
HINT:  Consider increasing the configuration parameter "checkpoint_segments".
LOG:  checkpoints are occurring too frequently (1 second apart)
HINT:  Consider increasing the configuration parameter "checkpoint_segments".
LOG:  checkpoints are occurring too frequently (1 second apart)
HINT:  Consider increasing the configuration parameter "checkpoint_segments".
LOG:  checkpoints are occurring too frequently (2 seconds apart)
HINT:  Consider increasing the configuration parameter "checkpoint_segments".
LOG:  checkpoints are occurring too frequently (1 second apart)
HINT:  Consider increasing the configuration parameter "checkpoint_segments".
LOG:  checkpoints are occurring too frequently (1 second apart)
HINT:  Consider increasing the configuration parameter "checkpoint_segments".
LOG:  checkpoints are occurring too frequently (1 second apart)
HINT:  Consider increasing the configuration parameter "checkpoint_segments".
LOG:  checkpoints are occurring too frequently (1 second apart)
HINT:  Consider increasing the configuration parameter "checkpoint_segments".
LOG:  checkpoints are occurring too frequently (1 second apart)
HINT:  Consider increasing the configuration parameter "checkpoint_segments".
LOG:  checkpoints are occurring too frequently (1 second apart)
HINT:  Consider increasing the configuration parameter "checkpoint_segments".
LOG:  checkpoints are occurring too frequently (1 second apart)
HINT:  Consider increasing the configuration parameter "checkpoint_segments".
LOG:  checkpoints are occurring too frequently (1 second apart)
HINT:  Consider increasing the configuration parameter "checkpoint_segments".
LOG:  checkpoints are occurring too frequently (1 second apart)
HINT:  Consider increasing the configuration parameter "checkpoint_segments".
LOG:  checkpoints are occurring too frequently (1 second apart)
HINT:  Consider increasing the configuration parameter "checkpoint_segments".
LOG:  checkpoints are occurring too frequently (1 second apart)
HINT:  Consider increasing the configuration parameter "checkpoint_segments".
LOG:  checkpoints are occurring too frequently (2 seconds apart)
HINT:  Consider increasing the configuration parameter "checkpoint_segments".
LOG:  checkpoints are occurring too frequently (1 second apart)
HINT:  Consider increasing the configuration parameter "checkpoint_segments".
LOG:  checkpoints are occurring too frequently (1 second apart)
HINT:  Consider increasing the configuration parameter "checkpoint_segments".
LOG:  checkpoints are occurring too frequently (1 second apart)
HINT:  Consider increasing the configuration parameter "checkpoint_segments".
LOG:  checkpoints are occurring too frequently (1 second apart)
HINT:  Consider increasing the configuration parameter "checkpoint_segments".
LOG:  checkpoints are occurring too frequently (1 second apart)
HINT:  Consider increasing the configuration parameter "checkpoint_segments".
LOG:  checkpoints are occurring too frequently (1 second apart)
HINT:  Consider increasing the configuration parameter "checkpoint_segments".
LOG:  checkpoints are occurring too frequently (1 second apart)
HINT:  Consider increasing the configuration parameter "checkpoint_segments".
LOG:  checkpoints are occurring too frequently (1 second apart)
HINT:  Consider increasing the configuration parameter "checkpoint_segments".
LOG:  checkpoints are occurring too frequently (1 second apart)
HINT:  Consider increasing the configuration parameter "checkpoint_segments".
LOG:  checkpoints are occurring too frequently (1 second apart)
HINT:  Consider increasing the configuration parameter "checkpoint_segments".
LOG:  checkpoints are occurring too frequently (1 second apart)
HINT:  Consider increasing the configuration parameter "checkpoint_segments".
LOG:  checkpoints are occurring too frequently (1 second apart)
HINT:  Consider increasing the configuration parameter "checkpoint_segments".
LOG:  checkpoints are occurring too frequently (2 seconds apart)
HINT:  Consider increasing the configuration parameter "checkpoint_segments".
LOG:  checkpoints are occurring too frequently (1 second apart)
HINT:  Consider increasing the configuration parameter "checkpoint_segments".
LOG:  checkpoints are occurring too frequently (1 second apart)
HINT:  Consider increasing the configuration parameter "checkpoint_segments".
LOG:  checkpoints are occurring too frequently (1 second apart)
HINT:  Consider increasing the configuration parameter "checkpoint_segments".
LOG:  checkpoints are occurring too frequently (1 second apart)
HINT:  Consider increasing the configuration parameter "checkpoint_segments".
LOG:  checkpoints are occurring too frequently (1 second apart)
HINT:  Consider increasing the configuration parameter "checkpoint_segments".
LOG:  checkpoints are occurring too frequently (1 second apart)
HINT:  Consider increasing the configuration parameter "checkpoint_segments".
LOG:  checkpoints are occurring too frequently (1 second apart)
HINT:  Consider increasing the configuration parameter "checkpoint_segments".
LOG:  checkpoints are occurring too frequently (1 second apart)
HINT:  Consider increasing the configuration parameter "checkpoint_segments".
LOG:  checkpoints are occurring too frequently (2 seconds apart)
HINT:  Consider increasing the configuration parameter "checkpoint_segments".
LOG:  checkpoints are occurring too frequently (1 second apart)
HINT:  Consider increasing the configuration parameter "checkpoint_segments".
LOG:  checkpoints are occurring too frequently (1 second apart)
HINT:  Consider increasing the configuration parameter "checkpoint_segments".
LOG:  checkpoints are occurring too frequently (1 second apart)
HINT:  Consider increasing the configuration parameter "checkpoint_segments".
LOG:  checkpoints are occurring too frequently (1 second apart)
HINT:  Consider increasing the configuration parameter "checkpoint_segments".
LOG:  checkpoints are occurring too frequently (1 second apart)
HINT:  Consider increasing the configuration parameter "checkpoint_segments".
LOG:  checkpoints are occurring too frequently (1 second apart)
HINT:  Consider increasing the configuration parameter "checkpoint_segments".
LOG:  checkpoints are occurring too frequently (1 second apart)
HINT:  Consider increasing the configuration parameter "checkpoint_segments".
LOG:  checkpoints are occurring too frequently (1 second apart)
HINT:  Consider increasing the configuration parameter "checkpoint_segments".
LOG:  checkpoints are occurring too frequently (1 second apart)
HINT:  Consider increasing the configuration parameter "checkpoint_segments".
LOG:  checkpoints are occurring too frequently (1 second apart)
HINT:  Consider increasing the configuration parameter "checkpoint_segments".
LOG:  checkpoints are occurring too frequently (1 second apart)
HINT:  Consider increasing the configuration parameter "checkpoint_segments".
LOG:  checkpoints are occurring too frequently (2 seconds apart)
HINT:  Consider increasing the configuration parameter "checkpoint_segments".
LOG:  checkpoints are occurring too frequently (1 second apart)
HINT:  Consider increasing the configuration parameter "checkpoint_segments".
LOG:  checkpoints are occurring too frequently (1 second apart)
HINT:  Consider increasing the configuration parameter "checkpoint_segments".
LOG:  checkpoints are occurring too frequently (1 second apart)
HINT:  Consider increasing the configuration parameter "checkpoint_segments".
LOG:  checkpoints are occurring too frequently (1 second apart)
HINT:  Consider increasing the configuration parameter "checkpoint_segments".
LOG:  checkpoints are occurring too frequently (1 second apart)
HINT:  Consider increasing the configuration parameter "checkpoint_segments".
LOG:  checkpoints are occurring too frequently (2 seconds apart)
HINT:  Consider increasing the configuration parameter "checkpoint_segments".
LOG:  checkpoints are occurring too frequently (0 seconds apart)
HINT:  Consider increasing the configuration parameter "checkpoint_segments".
LOG:  checkpoints are occurring too frequently (2 seconds apart)
HINT:  Consider increasing the configuration parameter "checkpoint_segments".
LOG:  checkpoints are occurring too frequently (1 second apart)
HINT:  Consider increasing the configuration parameter "checkpoint_segments".
LOG:  checkpoints are occurring too frequently (1 second apart)
HINT:  Consider increasing the configuration parameter "checkpoint_segments".
LOG:  checkpoints are occurring too frequently (1 second apart)
HINT:  Consider increasing the configuration parameter "checkpoint_segments".
LOG:  checkpoints are occurring too frequently (1 second apart)
HINT:  Consider increasing the configuration parameter "checkpoint_segments".
LOG:  checkpoints are occurring too frequently (1 second apart)
HINT:  Consider increasing the configuration parameter "checkpoint_segments".
LOG:  checkpoints are occurring too frequently (1 second apart)
HINT:  Consider increasing the configuration parameter "checkpoint_segments".
LOG:  checkpoints are occurring too frequently (1 second apart)
HINT:  Consider increasing the configuration parameter "checkpoint_segments".
LOG:  checkpoints are occurring too frequently (1 second apart)
HINT:  Consider increasing the configuration parameter "checkpoint_segments".
LOG:  checkpoints are occurring too frequently (1 second apart)
HINT:  Consider increasing the configuration parameter "checkpoint_segments".
LOG:  checkpoints are occurring too frequently (1 second apart)
HINT:  Consider increasing the configuration parameter "checkpoint_segments".
LOG:  checkpoints are occurring too frequently (1 second apart)
HINT:  Consider increasing the configuration parameter "checkpoint_segments".
LOG:  checkpoints are occurring too frequently (2 seconds apart)
HINT:  Consider increasing the configuration parameter "checkpoint_segments".
LOG:  checkpoints are occurring too frequently (1 second apart)
HINT:  Consider increasing the configuration parameter "checkpoint_segments".
LOG:  checkpoints are occurring too frequently (1 second apart)
HINT:  Consider increasing the configuration parameter "checkpoint_segments".
LOG:  checkpoints are occurring too frequently (1 second apart)
HINT:  Consider increasing the configuration parameter "checkpoint_segments".
LOG:  checkpoints are occurring too frequently (1 second apart)
HINT:  Consider increasing the configuration parameter "checkpoint_segments".
LOG:  checkpoints are occurring too frequently (2 seconds apart)
HINT:  Consider increasing the configuration parameter "checkpoint_segments".
LOG:  checkpoints are occurring too frequently (1 second apart)
HINT:  Consider increasing the configuration parameter "checkpoint_segments".
LOG:  checkpoints are occurring too frequently (1 second apart)
HINT:  Consider increasing the configuration parameter "checkpoint_segments".
LOG:  checkpoints are occurring too frequently (1 second apart)
HINT:  Consider increasing the configuration parameter "checkpoint_segments".
LOG:  checkpoints are occurring too frequently (1 second apart)
HINT:  Consider increasing the configuration parameter "checkpoint_segments".
LOG:  checkpoints are occurring too frequently (1 second apart)
HINT:  Consider increasing the configuration parameter "checkpoint_segments".
LOG:  checkpoints are occurring too frequently (1 second apart)
HINT:  Consider increasing the configuration parameter "checkpoint_segments".
LOG:  checkpoints are occurring too frequently (2 seconds apart)
HINT:  Consider increasing the configuration parameter "checkpoint_segments".
LOG:  checkpoints are occurring too frequently (1 second apart)
HINT:  Consider increasing the configuration parameter "checkpoint_segments".
LOG:  checkpoints are occurring too frequently (1 second apart)
HINT:  Consider increasing the configuration parameter "checkpoint_segments".
LOG:  checkpoints are occurring too frequently (1 second apart)
HINT:  Consider increasing the configuration parameter "checkpoint_segments".
LOG:  checkpoints are occurring too frequently (2 seconds apart)
HINT:  Consider increasing the configuration parameter "checkpoint_segments".
LOG:  checkpoints are occurring too frequently (1 second apart)
HINT:  Consider increasing the configuration parameter "checkpoint_segments".
LOG:  checkpoints are occurring too frequently (1 second apart)
HINT:  Consider increasing the configuration parameter "checkpoint_segments".
LOG:  checkpoints are occurring too frequently (1 second apart)
HINT:  Consider increasing the configuration parameter "checkpoint_segments".
LOG:  checkpoints are occurring too frequently (2 seconds apart)
HINT:  Consider increasing the configuration parameter "checkpoint_segments".
LOG:  checkpoints are occurring too frequently (1 second apart)
HINT:  Consider increasing the configuration parameter "checkpoint_segments".
LOG:  checkpoints are occurring too frequently (1 second apart)
HINT:  Consider increasing the configuration parameter "checkpoint_segments".
LOG:  checkpoints are occurring too frequently (1 second apart)
HINT:  Consider increasing the configuration parameter "checkpoint_segments".
LOG:  checkpoints are occurring too frequently (1 second apart)
HINT:  Consider increasing the configuration parameter "checkpoint_segments".
LOG:  checkpoints are occurring too frequently (1 second apart)
HINT:  Consider increasing the configuration parameter "checkpoint_segments".
LOG:  checkpoints are occurring too frequently (1 second apart)
HINT:  Consider increasing the configuration parameter "checkpoint_segments".
LOG:  checkpoints are occurring too frequently (1 second apart)
HINT:  Consider increasing the configuration parameter "checkpoint_segments".
LOG:  checkpoints are occurring too frequently (1 second apart)
HINT:  Consider increasing the configuration parameter "checkpoint_segments".
LOG:  checkpoints are occurring too frequently (1 second apart)
HINT:  Consider increasing the configuration parameter "checkpoint_segments".
LOG:  checkpoints are occurring too frequently (1 second apart)
HINT:  Consider increasing the configuration parameter "checkpoint_segments".
LOG:  checkpoints are occurring too frequently (1 second apart)
HINT:  Consider increasing the configuration parameter "checkpoint_segments".
LOG:  checkpoints are occurring too frequently (1 second apart)
HINT:  Consider increasing the configuration parameter "checkpoint_segments".
LOG:  checkpoints are occurring too frequently (1 second apart)
HINT:  Consider increasing the configuration parameter "checkpoint_segments".
LOG:  checkpoints are occurring too frequently (1 second apart)
HINT:  Consider increasing the configuration parameter "checkpoint_segments".
LOG:  checkpoints are occurring too frequently (1 second apart)
HINT:  Consider increasing the configuration parameter "checkpoint_segments".
LOG:  checkpoints are occurring too frequently (1 second apart)
HINT:  Consider increasing the configuration parameter "checkpoint_segments".
LOG:  checkpoints are occurring too frequently (1 second apart)
HINT:  Consider increasing the configuration parameter "checkpoint_segments".
LOG:  checkpoints are occurring too frequently (1 second apart)
HINT:  Consider increasing the configuration parameter "checkpoint_segments".
LOG:  checkpoints are occurring too frequently (2 seconds apart)
HINT:  Consider increasing the configuration parameter "checkpoint_segments".
LOG:  checkpoints are occurring too frequently (1 second apart)
HINT:  Consider increasing the configuration parameter "checkpoint_segments".
LOG:  checkpoints are occurring too frequently (1 second apart)
HINT:  Consider increasing the configuration parameter "checkpoint_segments".
LOG:  checkpoints are occurring too frequently (1 second apart)
HINT:  Consider increasing the configuration parameter "checkpoint_segments".
LOG:  checkpoints are occurring too frequently (1 second apart)
HINT:  Consider increasing the configuration parameter "checkpoint_segments".
LOG:  checkpoints are occurring too frequently (2 seconds apart)
HINT:  Consider increasing the configuration parameter "checkpoint_segments".
LOG:  checkpoints are occurring too frequently (1 second apart)
HINT:  Consider increasing the configuration parameter "checkpoint_segments".
LOG:  checkpoints are occurring too frequently (1 second apart)
HINT:  Consider increasing the configuration parameter "checkpoint_segments".
LOG:  checkpoints are occurring too frequently (1 second apart)
HINT:  Consider increasing the configuration parameter "checkpoint_segments".
LOG:  checkpoints are occurring too frequently (1 second apart)
HINT:  Consider increasing the configuration parameter "checkpoint_segments".
LOG:  checkpoints are occurring too frequently (1 second apart)
HINT:  Consider increasing the configuration parameter "checkpoint_segments".
LOG:  checkpoints are occurring too frequently (1 second apart)
HINT:  Consider increasing the configuration parameter "checkpoint_segments".
LOG:  checkpoints are occurring too frequently (1 second apart)
HINT:  Consider increasing the configuration parameter "checkpoint_segments".
LOG:  checkpoints are occurring too frequently (1 second apart)
HINT:  Consider increasing the configuration parameter "checkpoint_segments".
LOG:  checkpoints are occurring too frequently (2 seconds apart)
HINT:  Consider increasing the configuration parameter "checkpoint_segments".
LOG:  checkpoints are occurring too frequently (1 second apart)
HINT:  Consider increasing the configuration parameter "checkpoint_segments".
LOG:  checkpoints are occurring too frequently (1 second apart)
HINT:  Consider increasing the configuration parameter "checkpoint_segments".
LOG:  checkpoints are occurring too frequently (1 second apart)
HINT:  Consider increasing the configuration parameter "checkpoint_segments".
LOG:  checkpoints are occurring too frequently (1 second apart)
HINT:  Consider increasing the configuration parameter "checkpoint_segments".
LOG:  checkpoints are occurring too frequently (1 second apart)
HINT:  Consider increasing the configuration parameter "checkpoint_segments".
LOG:  checkpoints are occurring too frequently (1 second apart)
HINT:  Consider increasing the configuration parameter "checkpoint_segments".
LOG:  checkpoints are occurring too frequently (1 second apart)
HINT:  Consider increasing the configuration parameter "checkpoint_segments".
LOG:  checkpoints are occurring too frequently (1 second apart)
HINT:  Consider increasing the configuration parameter "checkpoint_segments".
LOG:  checkpoints are occurring too frequently (1 second apart)
HINT:  Consider increasing the configuration parameter "checkpoint_segments".
LOG:  checkpoints are occurring too frequently (1 second apart)
HINT:  Consider increasing the configuration parameter "checkpoint_segments".
LOG:  checkpoints are occurring too frequently (1 second apart)
HINT:  Consider increasing the configuration parameter "checkpoint_segments".
LOG:  checkpoints are occurring too frequently (1 second apart)
HINT:  Consider increasing the configuration parameter "checkpoint_segments".
LOG:  checkpoints are occurring too frequently (1 second apart)
HINT:  Consider increasing the configuration parameter "checkpoint_segments".
LOG:  checkpoints are occurring too frequently (1 second apart)
HINT:  Consider increasing the configuration parameter "checkpoint_segments".
LOG:  checkpoints are occurring too frequently (1 second apart)
HINT:  Consider increasing the configuration parameter "checkpoint_segments".
LOG:  checkpoints are occurring too frequently (1 second apart)
HINT:  Consider increasing the configuration parameter "checkpoint_segments".
LOG:  checkpoints are occurring too frequently (1 second apart)
HINT:  Consider increasing the configuration parameter "checkpoint_segments".
LOG:  checkpoints are occurring too frequently (1 second apart)
HINT:  Consider increasing the configuration parameter "checkpoint_segments".
LOG:  checkpoints are occurring too frequently (1 second apart)
HINT:  Consider increasing the configuration parameter "checkpoint_segments".
LOG:  checkpoints are occurring too frequently (1 second apart)
HINT:  Consider increasing the configuration parameter "checkpoint_segments".
LOG:  checkpoints are occurring too frequently (1 second apart)
HINT:  Consider increasing the configuration parameter "checkpoint_segments".
LOG:  checkpoints are occurring too frequently (1 second apart)
HINT:  Consider increasing the configuration parameter "checkpoint_segments".
LOG:  checkpoints are occurring too frequently (1 second apart)
HINT:  Consider increasing the configuration parameter "checkpoint_segments".
LOG:  checkpoints are occurring too frequently (1 second apart)
HINT:  Consider increasing the configuration parameter "checkpoint_segments".
LOG:  checkpoints are occurring too frequently (1 second apart)
HINT:  Consider increasing the configuration parameter "checkpoint_segments".
LOG:  checkpoints are occurring too frequently (1 second apart)
HINT:  Consider increasing the configuration parameter "checkpoint_segments".
LOG:  checkpoints are occurring too frequently (0 seconds apart)
HINT:  Consider increasing the configuration parameter "checkpoint_segments".
LOG:  checkpoints are occurring too frequently (1 second apart)
HINT:  Consider increasing the configuration parameter "checkpoint_segments".
LOG:  checkpoints are occurring too frequently (1 second apart)
HINT:  Consider increasing the configuration parameter "checkpoint_segments".
LOG:  checkpoints are occurring too frequently (1 second apart)
HINT:  Consider increasing the configuration parameter "checkpoint_segments".
LOG:  checkpoints are occurring too frequently (1 second apart)
HINT:  Consider increasing the configuration parameter "checkpoint_segments".
LOG:  checkpoints are occurring too frequently (0 seconds apart)
HINT:  Consider increasing the configuration parameter "checkpoint_segments".
LOG:  checkpoints are occurring too frequently (1 second apart)
HINT:  Consider increasing the configuration parameter "checkpoint_segments".
LOG:  checkpoints are occurring too frequently (1 second apart)
HINT:  Consider increasing the configuration parameter "checkpoint_segments".
LOG:  checkpoints are occurring too frequently (1 second apart)
HINT:  Consider increasing the configuration parameter "checkpoint_segments".
LOG:  checkpoints are occurring too frequently (1 second apart)
HINT:  Consider increasing the configuration parameter "checkpoint_segments".
ERROR:  deadlock detected
DETAIL:  Process 41598 waits for ShareLock on transaction 6123412; blocked by process 41557.
	Process 41557 waits for ShareLock on transaction 6123433; blocked by process 41598.
	Process 41598: FETCH ALL IN mycursor
	Process 41557: FETCH ALL IN mycursor
HINT:  See server log for query details.
CONTEXT:  while updating tuple (54839,56) in relation "stock"
	SQL statement "UPDATE stock
	SET s_quantity = s_quantity - $1
	WHERE s_i_id = $2
	  AND s_w_id = $3"
STATEMENT:  FETCH ALL IN mycursor
LOG:  checkpoints are occurring too frequently (1 second apart)
HINT:  Consider increasing the configuration parameter "checkpoint_segments".
LOG:  checkpoints are occurring too frequently (0 seconds apart)
HINT:  Consider increasing the configuration parameter "checkpoint_segments".
LOG:  checkpoints are occurring too frequently (1 second apart)
HINT:  Consider increasing the configuration parameter "checkpoint_segments".
LOG:  checkpoints are occurring too frequently (1 second apart)
HINT:  Consider increasing the configuration parameter "checkpoint_segments".
LOG:  checkpoints are occurring too frequently (1 second apart)
HINT:  Consider increasing the configuration parameter "checkpoint_segments".
LOG:  checkpoints are occurring too frequently (1 second apart)
HINT:  Consider increasing the configuration parameter "checkpoint_segments".
LOG:  checkpoints are occurring too frequently (1 second apart)
HINT:  Consider increasing the configuration parameter "checkpoint_segments".
LOG:  checkpoints are occurring too frequently (0 seconds apart)
HINT:  Consider increasing the configuration parameter "checkpoint_segments".
LOG:  checkpoints are occurring too frequently (1 second apart)
HINT:  Consider increasing the configuration parameter "checkpoint_segments".
LOG:  checkpoints are occurring too frequently (1 second apart)
HINT:  Consider increasing the configuration parameter "checkpoint_segments".
LOG:  checkpoints are occurring too frequently (1 second apart)
HINT:  Consider increasing the configuration parameter "checkpoint_segments".
LOG:  checkpoints are occurring too frequently (1 second apart)
HINT:  Consider increasing the configuration parameter "checkpoint_segments".
LOG:  checkpoints are occurring too frequently (1 second apart)
HINT:  Consider increasing the configuration parameter "checkpoint_segments".
LOG:  checkpoints are occurring too frequently (1 second apart)
HINT:  Consider increasing the configuration parameter "checkpoint_segments".
LOG:  checkpoints are occurring too frequently (0 seconds apart)
HINT:  Consider increasing the configuration parameter "checkpoint_segments".
LOG:  checkpoints are occurring too frequently (1 second apart)
HINT:  Consider increasing the configuration parameter "checkpoint_segments".
LOG:  checkpoints are occurring too frequently (1 second apart)
HINT:  Consider increasing the configuration parameter "checkpoint_segments".
LOG:  checkpoints are occurring too frequently (1 second apart)
HINT:  Consider increasing the configuration parameter "checkpoint_segments".
LOG:  checkpoints are occurring too frequently (1 second apart)
HINT:  Consider increasing the configuration parameter "checkpoint_segments".
LOG:  checkpoints are occurring too frequently (1 second apart)
HINT:  Consider increasing the configuration parameter "checkpoint_segments".
LOG:  checkpoints are occurring too frequently (0 seconds apart)
HINT:  Consider increasing the configuration parameter "checkpoint_segments".
LOG:  checkpoints are occurring too frequently (1 second apart)
HINT:  Consider increasing the configuration parameter "checkpoint_segments".
LOG:  checkpoints are occurring too frequently (1 second apart)
HINT:  Consider increasing the configuration parameter "checkpoint_segments".
LOG:  checkpoints are occurring too frequently (1 second apart)
HINT:  Consider increasing the configuration parameter "checkpoint_segments".
LOG:  checkpoints are occurring too frequently (1 second apart)
HINT:  Consider increasing the configuration parameter "checkpoint_segments".
LOG:  checkpoints are occurring too frequently (1 second apart)
HINT:  Consider increasing the configuration parameter "checkpoint_segments".
LOG:  checkpoints are occurring too frequently (0 seconds apart)
HINT:  Consider increasing the configuration parameter "checkpoint_segments".
LOG:  checkpoints are occurring too frequently (1 second apart)
HINT:  Consider increasing the configuration parameter "checkpoint_segments".
LOG:  checkpoints are occurring too frequently (1 second apart)
HINT:  Consider increasing the configuration parameter "checkpoint_segments".
LOG:  checkpoints are occurring too frequently (1 second apart)
HINT:  Consider increasing the configuration parameter "checkpoint_segments".
LOG:  checkpoints are occurring too frequently (1 second apart)
HINT:  Consider increasing the configuration parameter "checkpoint_segments".
LOG:  checkpoints are occurring too frequently (1 second apart)
HINT:  Consider increasing the configuration parameter "checkpoint_segments".
LOG:  checkpoints are occurring too frequently (0 seconds apart)
HINT:  Consider increasing the configuration parameter "checkpoint_segments".
LOG:  checkpoints are occurring too frequently (1 second apart)
HINT:  Consider increasing the configuration parameter "checkpoint_segments".
LOG:  checkpoints are occurring too frequently (1 second apart)
HINT:  Consider increasing the configuration parameter "checkpoint_segments".
LOG:  checkpoints are occurring too frequently (1 second apart)
HINT:  Consider increasing the configuration parameter "checkpoint_segments".
LOG:  checkpoints are occurring too frequently (1 second apart)
HINT:  Consider increasing the configuration parameter "checkpoint_segments".
LOG:  checkpoints are occurring too frequently (1 second apart)
HINT:  Consider increasing the configuration parameter "checkpoint_segments".
LOG:  checkpoints are occurring too frequently (0 seconds apart)
HINT:  Consider increasing the configuration parameter "checkpoint_segments".
LOG:  checkpoints are occurring too frequently (1 second apart)
HINT:  Consider increasing the configuration parameter "checkpoint_segments".
LOG:  checkpoints are occurring too frequently (1 second apart)
HINT:  Consider increasing the configuration parameter "checkpoint_segments".
LOG:  checkpoints are occurring too frequently (1 second apart)
HINT:  Consider increasing the configuration parameter "checkpoint_segments".
LOG:  checkpoints are occurring too frequently (1 second apart)
HINT:  Consider increasing the configuration parameter "checkpoint_segments".
LOG:  checkpoints are occurring too frequently (1 second apart)
HINT:  Consider increasing the configuration parameter "checkpoint_segments".
LOG:  checkpoints are occurring too frequently (1 second apart)
HINT:  Consider increasing the configuration parameter "checkpoint_segments".
LOG:  checkpoints are occurring too frequently (0 seconds apart)
HINT:  Consider increasing the configuration parameter "checkpoint_segments".
LOG:  checkpoints are occurring too frequently (1 second apart)
HINT:  Consider increasing the configuration parameter "checkpoint_segments".
LOG:  checkpoints are occurring too frequently (1 second apart)
HINT:  Consider increasing the configuration parameter "checkpoint_segments".
LOG:  checkpoints are occurring too frequently (1 second apart)
HINT:  Consider increasing the configuration parameter "checkpoint_segments".
LOG:  checkpoints are occurring too frequently (1 second apart)
HINT:  Consider increasing the configuration parameter "checkpoint_segments".
LOG:  checkpoints are occurring too frequently (1 second apart)
HINT:  Consider increasing the configuration parameter "checkpoint_segments".
LOG:  checkpoints are occurring too frequently (0 seconds apart)
HINT:  Consider increasing the configuration parameter "checkpoint_segments".
LOG:  checkpoints are occurring too frequently (1 second apart)
HINT:  Consider increasing the configuration parameter "checkpoint_segments".
LOG:  checkpoints are occurring too frequently (1 second apart)
HINT:  Consider increasing the configuration parameter "checkpoint_segments".
LOG:  checkpoints are occurring too frequently (1 second apart)
HINT:  Consider increasing the configuration parameter "checkpoint_segments".
LOG:  checkpoints are occurring too frequently (1 second apart)
HINT:  Consider increasing the configuration parameter "checkpoint_segments".
LOG:  checkpoints are occurring too frequently (0 seconds apart)
HINT:  Consider increasing the configuration parameter "checkpoint_segments".
LOG:  checkpoints are occurring too frequently (1 second apart)
HINT:  Consider increasing the configuration parameter "checkpoint_segments".
LOG:  checkpoints are occurring too frequently (1 second apart)
HINT:  Consider increasing the configuration parameter "checkpoint_segments".
LOG:  checkpoints are occurring too frequently (1 second apart)
HINT:  Consider increasing the configuration parameter "checkpoint_segments".
LOG:  checkpoints are occurring too frequently (1 second apart)
HINT:  Consider increasing the configuration parameter "checkpoint_segments".
LOG:  checkpoints are occurring too frequently (1 second apart)
HINT:  Consider increasing the configuration parameter "checkpoint_segments".
LOG:  checkpoints are occurring too frequently (0 seconds apart)
HINT:  Consider increasing the configuration parameter "checkpoint_segments".
LOG:  checkpoints are occurring too frequently (1 second apart)
HINT:  Consider increasing the configuration parameter "checkpoint_segments".
LOG:  checkpoints are occurring too frequently (1 second apart)
HINT:  Consider increasing the configuration parameter "checkpoint_segments".
LOG:  checkpoints are occurring too frequently (1 second apart)
HINT:  Consider increasing the configuration parameter "checkpoint_segments".
LOG:  checkpoints are occurring too frequently (1 second apart)
HINT:  Consider increasing the configuration parameter "checkpoint_segments".
LOG:  checkpoints are occurring too frequently (1 second apart)
HINT:  Consider increasing the configuration parameter "checkpoint_segments".
LOG:  checkpoints are occurring too frequently (1 second apart)
HINT:  Consider increasing the configuration parameter "checkpoint_segments".
LOG:  checkpoints are occurring too frequently (0 seconds apart)
HINT:  Consider increasing the configuration parameter "checkpoint_segments".
LOG:  checkpoints are occurring too frequently (1 second apart)
HINT:  Consider increasing the configuration parameter "checkpoint_segments".
LOG:  checkpoints are occurring too frequently (1 second apart)
HINT:  Consider increasing the configuration parameter "checkpoint_segments".
LOG:  checkpoints are occurring too frequently (1 second apart)
HINT:  Consider increasing the configuration parameter "checkpoint_segments".
LOG:  checkpoints are occurring too frequently (1 second apart)
HINT:  Consider increasing the configuration parameter "checkpoint_segments".
LOG:  checkpoints are occurring too frequently (0 seconds apart)
HINT:  Consider increasing the configuration parameter "checkpoint_segments".
LOG:  checkpoints are occurring too frequently (1 second apart)
HINT:  Consider increasing the configuration parameter "checkpoint_segments".
LOG:  checkpoints are occurring too frequently (1 second apart)
HINT:  Consider increasing the configuration parameter "checkpoint_segments".
LOG:  checkpoints are occurring too frequently (1 second apart)
HINT:  Consider increasing the configuration parameter "checkpoint_segments".
LOG:  checkpoints are occurring too frequently (1 second apart)
HINT:  Consider increasing the configuration parameter "checkpoint_segments".
LOG:  checkpoints are occurring too frequently (1 second apart)
HINT:  Consider increasing the configuration parameter "checkpoint_segments".
LOG:  checkpoints are occurring too frequently (1 second apart)
HINT:  Consider increasing the configuration parameter "checkpoint_segments".
LOG:  checkpoints are occurring too frequently (1 second apart)
HINT:  Consider increasing the configuration parameter "checkpoint_segments".
LOG:  checkpoints are occurring too frequently (1 second apart)
HINT:  Consider increasing the configuration parameter "checkpoint_segments".
LOG:  checkpoints are occurring too frequently (1 second apart)
HINT:  Consider increasing the configuration parameter "checkpoint_segments".
LOG:  checkpoints are occurring too frequently (1 second apart)
HINT:  Consider increasing the configuration parameter "checkpoint_segments".
LOG:  checkpoints are occurring too frequently (0 seconds apart)
HINT:  Consider increasing the configuration parameter "checkpoint_segments".
LOG:  checkpoints are occurring too frequently (1 second apart)
HINT:  Consider increasing the configuration parameter "checkpoint_segments".
LOG:  checkpoints are occurring too frequently (1 second apart)
HINT:  Consider increasing the configuration parameter "checkpoint_segments".
LOG:  checkpoints are occurring too frequently (1 second apart)
HINT:  Consider increasing the configuration parameter "checkpoint_segments".
LOG:  checkpoints are occurring too frequently (1 second apart)
HINT:  Consider increasing the configuration parameter "checkpoint_segments".
LOG:  checkpoints are occurring too frequently (1 second apart)
HINT:  Consider increasing the configuration parameter "checkpoint_segments".
LOG:  checkpoints are occurring too frequently (1 second apart)
HINT:  Consider increasing the configuration parameter "checkpoint_segments".
LOG:  checkpoints are occurring too frequently (0 seconds apart)
HINT:  Consider increasing the configuration parameter "checkpoint_segments".
LOG:  checkpoints are occurring too frequently (1 second apart)
HINT:  Consider increasing the configuration parameter "checkpoint_segments".
LOG:  checkpoints are occurring too frequently (1 second apart)
HINT:  Consider increasing the configuration parameter "checkpoint_segments".
LOG:  checkpoints are occurring too frequently (1 second apart)
HINT:  Consider increasing the configuration parameter "checkpoint_segments".
LOG:  checkpoints are occurring too frequently (1 second apart)
HINT:  Consider increasing the configuration parameter "checkpoint_segments".
LOG:  checkpoints are occurring too frequently (1 second apart)
HINT:  Consider increasing the configuration parameter "checkpoint_segments".
LOG:  checkpoints are occurring too frequently (0 seconds apart)
HINT:  Consider increasing the configuration parameter "checkpoint_segments".
LOG:  checkpoints are occurring too frequently (1 second apart)
HINT:  Consider increasing the configuration parameter "checkpoint_segments".
LOG:  checkpoints are occurring too frequently (1 second apart)
HINT:  Consider increasing the configuration parameter "checkpoint_segments".
LOG:  checkpoints are occurring too frequently (1 second apart)
HINT:  Consider increasing the configuration parameter "checkpoint_segments".
LOG:  checkpoints are occurring too frequently (1 second apart)
HINT:  Consider increasing the configuration parameter "checkpoint_segments".
LOG:  checkpoints are occurring too frequently (1 second apart)
HINT:  Consider increasing the configuration parameter "checkpoint_segments".
LOG:  checkpoints are occurring too frequently (1 second apart)
HINT:  Consider increasing the configuration parameter "checkpoint_segments".
LOG:  checkpoints are occurring too frequently (0 seconds apart)
HINT:  Consider increasing the configuration parameter "checkpoint_segments".
LOG:  checkpoints are occurring too frequently (1 second apart)
HINT:  Consider increasing the configuration parameter "checkpoint_segments".
LOG:  checkpoints are occurring too frequently (1 second apart)
HINT:  Consider increasing the configuration parameter "checkpoint_segments".
LOG:  checkpoints are occurring too frequently (1 second apart)
HINT:  Consider increasing the configuration parameter "checkpoint_segments".
LOG:  checkpoints are occurring too frequently (1 second apart)
HINT:  Consider increasing the configuration parameter "checkpoint_segments".
LOG:  checkpoints are occurring too frequently (0 seconds apart)
HINT:  Consider increasing the configuration parameter "checkpoint_segments".
LOG:  checkpoints are occurring too frequently (1 second apart)
HINT:  Consider increasing the configuration parameter "checkpoint_segments".
LOG:  checkpoints are occurring too frequently (1 second apart)
HINT:  Consider increasing the configuration parameter "checkpoint_segments".
LOG:  checkpoints are occurring too frequently (1 second apart)
HINT:  Consider increasing the configuration parameter "checkpoint_segments".
LOG:  checkpoints are occurring too frequently (1 second apart)
HINT:  Consider increasing the configuration parameter "checkpoint_segments".
LOG:  checkpoints are occurring too frequently (1 second apart)
HINT:  Consider increasing the configuration parameter "checkpoint_segments".
LOG:  checkpoints are occurring too frequently (0 seconds apart)
HINT:  Consider increasing the configuration parameter "checkpoint_segments".
LOG:  checkpoints are occurring too frequently (1 second apart)
HINT:  Consider increasing the configuration parameter "checkpoint_segments".
LOG:  checkpoints are occurring too frequently (1 second apart)
HINT:  Consider increasing the configuration parameter "checkpoint_segments".
LOG:  checkpoints are occurring too frequently (1 second apart)
HINT:  Consider increasing the configuration parameter "checkpoint_segments".
LOG:  checkpoints are occurring too frequently (1 second apart)
HINT:  Consider increasing the configuration parameter "checkpoint_segments".
LOG:  checkpoints are occurring too frequently (1 second apart)
HINT:  Consider increasing the configuration parameter "checkpoint_segments".
LOG:  checkpoints are occurring too frequently (1 second apart)
HINT:  Consider increasing the configuration parameter "checkpoint_segments".
LOG:  checkpoints are occurring too frequently (1 second apart)
HINT:  Consider increasing the configuration parameter "checkpoint_segments".
LOG:  checkpoints are occurring too frequently (1 second apart)
HINT:  Consider increasing the configuration parameter "checkpoint_segments".
LOG:  checkpoints are occurring too frequently (0 seconds apart)
HINT:  Consider increasing the configuration parameter "checkpoint_segments".
LOG:  checkpoints are occurring too frequently (1 second apart)
HINT:  Consider increasing the configuration parameter "checkpoint_segments".
LOG:  checkpoints are occurring too frequently (1 second apart)
HINT:  Consider increasing the configuration parameter "checkpoint_segments".
LOG:  checkpoints are occurring too frequently (1 second apart)
HINT:  Consider increasing the configuration parameter "checkpoint_segments".
LOG:  checkpoints are occurring too frequently (1 second apart)
HINT:  Consider increasing the configuration parameter "checkpoint_segments".
LOG:  checkpoints are occurring too frequently (0 seconds apart)
HINT:  Consider increasing the configuration parameter "checkpoint_segments".
LOG:  checkpoints are occurring too frequently (1 second apart)
HINT:  Consider increasing the configuration parameter "checkpoint_segments".
LOG:  checkpoints are occurring too frequently (1 second apart)
HINT:  Consider increasing the configuration parameter "checkpoint_segments".
LOG:  checkpoints are occurring too frequently (1 second apart)
HINT:  Consider increasing the configuration parameter "checkpoint_segments".
LOG:  checkpoints are occurring too frequently (1 second apart)
HINT:  Consider increasing the configuration parameter "checkpoint_segments".
LOG:  checkpoints are occurring too frequently (1 second apart)
HINT:  Consider increasing the configuration parameter "checkpoint_segments".
LOG:  checkpoints are occurring too frequently (1 second apart)
HINT:  Consider increasing the configuration parameter "checkpoint_segments".
LOG:  checkpoints are occurring too frequently (1 second apart)
HINT:  Consider increasing the configuration parameter "checkpoint_segments".
LOG:  checkpoints are occurring too frequently (0 seconds apart)
HINT:  Consider increasing the configuration parameter "checkpoint_segments".
LOG:  checkpoints are occurring too frequently (1 second apart)
HINT:  Consider increasing the configuration parameter "checkpoint_segments".
LOG:  checkpoints are occurring too frequently (1 second apart)
HINT:  Consider increasing the configuration parameter "checkpoint_segments".
LOG:  checkpoints are occurring too frequently (1 second apart)
HINT:  Consider increasing the configuration parameter "checkpoint_segments".
LOG:  checkpoints are occurring too frequently (1 second apart)
HINT:  Consider increasing the configuration parameter "checkpoint_segments".
LOG:  checkpoints are occurring too frequently (0 seconds apart)
HINT:  Consider increasing the configuration parameter "checkpoint_segments".
LOG:  checkpoints are occurring too frequently (1 second apart)
HINT:  Consider increasing the configuration parameter "checkpoint_segments".
LOG:  checkpoints are occurring too frequently (1 second apart)
HINT:  Consider increasing the configuration parameter "checkpoint_segments".
LOG:  checkpoints are occurring too frequently (1 second apart)
HINT:  Consider increasing the configuration parameter "checkpoint_segments".
LOG:  checkpoints are occurring too frequently (1 second apart)
HINT:  Consider increasing the configuration parameter "checkpoint_segments".
LOG:  checkpoints are occurring too frequently (0 seconds apart)
HINT:  Consider increasing the configuration parameter "checkpoint_segments".
LOG:  checkpoints are occurring too frequently (1 second apart)
HINT:  Consider increasing the configuration parameter "checkpoint_segments".
LOG:  checkpoints are occurring too frequently (1 second apart)
HINT:  Consider increasing the configuration parameter "checkpoint_segments".
LOG:  checkpoints are occurring too frequently (1 second apart)
HINT:  Consider increasing the configuration parameter "checkpoint_segments".
LOG:  checkpoints are occurring too frequently (1 second apart)
HINT:  Consider increasing the configuration parameter "checkpoint_segments".
LOG:  checkpoints are occurring too frequently (1 second apart)
HINT:  Consider increasing the configuration parameter "checkpoint_segments".
LOG:  checkpoints are occurring too frequently (1 second apart)
HINT:  Consider increasing the configuration parameter "checkpoint_segments".
LOG:  checkpoints are occurring too frequently (0 seconds apart)
HINT:  Consider increasing the configuration parameter "checkpoint_segments".
LOG:  checkpoints are occurring too frequently (1 second apart)
HINT:  Consider increasing the configuration parameter "checkpoint_segments".
LOG:  checkpoints are occurring too frequently (1 second apart)
HINT:  Consider increasing the configuration parameter "checkpoint_segments".
LOG:  checkpoints are occurring too frequently (1 second apart)
HINT:  Consider increasing the configuration parameter "checkpoint_segments".
LOG:  checkpoints are occurring too frequently (1 second apart)
HINT:  Consider increasing the configuration parameter "checkpoint_segments".
LOG:  checkpoints are occurring too frequently (1 second apart)
HINT:  Consider increasing the configuration parameter "checkpoint_segments".
LOG:  checkpoints are occurring too frequently (1 second apart)
HINT:  Consider increasing the configuration parameter "checkpoint_segments".
LOG:  checkpoints are occurring too frequently (0 seconds apart)
HINT:  Consider increasing the configuration parameter "checkpoint_segments".
LOG:  checkpoints are occurring too frequently (1 second apart)
HINT:  Consider increasing the configuration parameter "checkpoint_segments".
LOG:  checkpoints are occurring too frequently (1 second apart)
HINT:  Consider increasing the configuration parameter "checkpoint_segments".
LOG:  checkpoints are occurring too frequently (1 second apart)
HINT:  Consider increasing the configuration parameter "checkpoint_segments".
LOG:  checkpoints are occurring too frequently (1 second apart)
HINT:  Consider increasing the configuration parameter "checkpoint_segments".
LOG:  checkpoints are occurring too frequently (1 second apart)
HINT:  Consider increasing the configuration parameter "checkpoint_segments".
LOG:  checkpoints are occurring too frequently (0 seconds apart)
HINT:  Consider increasing the configuration parameter "checkpoint_segments".
LOG:  checkpoints are occurring too frequently (1 second apart)
HINT:  Consider increasing the configuration parameter "checkpoint_segments".
LOG:  checkpoints are occurring too frequently (1 second apart)
HINT:  Consider increasing the configuration parameter "checkpoint_segments".
LOG:  checkpoints are occurring too frequently (1 second apart)
HINT:  Consider increasing the configuration parameter "checkpoint_segments".
LOG:  checkpoints are occurring too frequently (1 second apart)
HINT:  Consider increasing the configuration parameter "checkpoint_segments".
LOG:  checkpoints are occurring too frequently (1 second apart)
HINT:  Consider increasing the configuration parameter "checkpoint_segments".
LOG:  checkpoints are occurring too frequently (0 seconds apart)
HINT:  Consider increasing the configuration parameter "checkpoint_segments".
LOG:  checkpoints are occurring too frequently (1 second apart)
HINT:  Consider increasing the configuration parameter "checkpoint_segments".
LOG:  checkpoints are occurring too frequently (1 second apart)
HINT:  Consider increasing the configuration parameter "checkpoint_segments".
LOG:  received smart shutdown request
FATAL:  terminating autovacuum process due to administrator command
FATAL:  terminating autovacuum process due to administrator command
FATAL:  terminating autovacuum process due to administrator command
LOG:  autovacuum launcher shutting down
LOG:  shutting down
LOG:  database system is shut down
